<?xml version="1.0" encoding="UTF-8"?>
<!-- Generated by org.testng.reporters.JUnitXMLReporter -->
<testsuite hostname="DESKTOP-A0HP60D" ignored="0" name="Default test" tests="3" failures="0" timestamp="13 Aug 2017 09:29:05 GMT" time="26.483" errors="0">
  <testcase name="loginusingcorrectdetails" time="7.137" classname="loginverification.LoginValidation"/>
  <testcase name="tovalidatewithcorrectdetails" time="7.92" classname="loginverification.LoginValidation"/>
  <testcase name="tovalidatewithincorrectdetails" time="11.409" classname="loginverification.LoginValidation"/>
</testsuite> <!-- Default test -->
