<?xml version="1.0" encoding="UTF-8"?>
<!-- Generated by org.testng.reporters.JUnitReportReporter -->
<testsuite skipped="0" hostname="DESKTOP-A0HP60D" name="loginverification.LoginValidation" tests="3" failures="0" timestamp="13 Aug 2017 09:32:42 GMT" time="27.216" errors="0">
  <testcase name="loginusingcorrectdetails" time="8.364" classname="loginverification.LoginValidation"/>
  <testcase name="tovalidatewithincorrectdetails" time="11.109" classname="loginverification.LoginValidation"/>
  <testcase name="tovalidatewithcorrectdetails" time="7.743" classname="loginverification.LoginValidation"/>
</testsuite> <!-- loginverification.LoginValidation -->
