<?xml version="1.0" encoding="UTF-8"?>
<testng-results skipped="0" failed="0" ignored="0" total="1" passed="1">
  <reporter-output>
  </reporter-output>
  <suite name="Test Suite" duration-ms="11298" started-at="2017-08-14T16:09:58Z" finished-at="2017-08-14T16:10:10Z">
    <groups>
    </groups>
    <test name="Run multiple tests" duration-ms="11298" started-at="2017-08-14T16:09:58Z" finished-at="2017-08-14T16:10:10Z">
      <class name="loginverification.LoginDetailsEnhancement">
        <test-method status="PASS" signature="gettitle()[pri:0, instance:loginverification.LoginDetailsEnhancement@458ad742]" name="gettitle" duration-ms="11282" started-at="2017-08-14T09:09:58Z" finished-at="2017-08-14T09:10:10Z">
          <reporter-output>
          </reporter-output>
        </test-method> <!-- gettitle -->
      </class> <!-- loginverification.LoginDetailsEnhancement -->
    </test> <!-- Run multiple tests -->
  </suite> <!-- Test Suite -->
</testng-results>
